Arguments: 
  /usr/local/bin/node /usr/local/Cellar/yarn/1.15.2/libexec/bin/yarn.js

PATH: 
  /Users/zhangyingying/Documents/flutter/flutter/bin:/Users/zhangyingying/Documents/androidSDK/android-sdk/tools:/usr/local/bin:/usr/local/bin:/usr/bin:/bin:/usr/sbin:/sbin:/Library/Apple/usr/bin:/Users/zhangyingying/Documents/flutter/flutter/bin:/Users/zhangyingying/Documents/androidSDK/android-sdk/tools:/usr/local/mysql/bin:/Users/zhangyingying/Documents/androidSDK/android-sdk/platform-tools:/Users/zhangyingying/Documents/androidSDK/android-sdk/build-tools:/usr/local/mysql/bin:/Users/zhangyingying/Documents/androidSDK/android-sdk/tools:/Users/zhangyingying/Documents/androidSDK/android-sdk/platform-tools:/Users/zhangyingying/Documents/androidSDK/android-sdk/build-tools:/Users/zhangyingying/Documents/androidSDK/android-sdk/tools:/Users/zhangyingying/Documents/androidSDK/android-sdk/platform-tools

Yarn version: 
  1.15.2

Node version: 
  16.14.2

Platform: 
  darwin x64

Trace: 
  SyntaxError: /Users/zhangyingying/Documents/work/project/outWork/bet/package.json: Unexpected token } in JSON at position 182
      at JSON.parse (<anonymous>)
      at /usr/local/Cellar/yarn/1.15.2/libexec/lib/cli.js:1625:59
      at Generator.next (<anonymous>)
      at step (/usr/local/Cellar/yarn/1.15.2/libexec/lib/cli.js:304:30)
      at /usr/local/Cellar/yarn/1.15.2/libexec/lib/cli.js:315:13

npm manifest: 
  {
    "name": "nested",
    "version": "0.1.0",
    "scripts": {
      "dev": "vite",
      "build": "vite build",
      "serve": "vite preview"
    },
    "dependencies": {
      "vue": "^3.2.16",
    },
    "devDependencies": {
      "@types/node": "^16.11.10",
      "@vitejs/plugin-vue": "^1.9.3",
      "less": "^4.1.2",
      "less-loader": "^10.2.0",
      "typescript": "^4.4.3",
      "vite": "^2.6.4",
      "vue-tsc": "^0.3.0"
    }
  }

yarn manifest: 
  No manifest

Lockfile: 
  No lockfile
